<?xml version="1.0" encoding="UTF-8"?>
<testng-results ignored="1" total="2" passed="1" failed="0" skipped="0">
  <reporter-output>
  </reporter-output>
  <suite started-at="2025-01-22T13:30:04 IST" name="Default suite" finished-at="2025-01-22T13:30:04 IST" duration-ms="54">
    <groups>
    </groups>
    <test started-at="2025-01-22T13:30:04 IST" name="Default test" finished-at="2025-01-22T13:30:04 IST" duration-ms="54">
      <class name="PracticeTest.CreateContactTest">
        <test-method signature="createContactTest()[pri:0, instance:PracticeTest.CreateContactTest@3e27aa33]" started-at="2025-01-22T13:30:04 IST" name="createContactTest" finished-at="2025-01-22T13:30:04 IST" duration-ms="11" status="PASS">
          <reporter-output>
          </reporter-output>
        </test-method> <!-- createContactTest -->
      </class> <!-- PracticeTest.CreateContactTest -->
    </test> <!-- Default test -->
  </suite> <!-- Default suite -->
</testng-results>
