<?xml version="1.0" encoding="UTF-8"?>
<!-- Generated by org.testng.reporters.JUnitXMLReporter -->
<testsuite ignored="1" hostname="LAPTOP-1NBFCQEH" failures="0" tests="1" name="Default test" time="0.054" errors="0" timestamp="2025-01-22T13:30:04 IST">
  <testcase classname="PracticeTest.CreateContactTest" name="createContactTest" time="0.011"/>
  <testcase classname="PracticeTest.CreateContactTest" name="createContactwithorgTest" time="0.0">
    <ignored/>
  </testcase> <!-- createContactwithorgTest -->
</testsuite> <!-- Default test -->
