<?xml version="1.0" encoding="UTF-8"?>
<!-- Generated by org.testng.reporters.JUnitXMLReporter -->
<testsuite ignored="2" hostname="LAPTOP-1NBFCQEH" failures="0" tests="1" name="Default test" time="16.131" errors="0" timestamp="2025-01-23T17:59:00 IST">
  <testcase classname="com.vtiger.Contact.CreateContactTest" name="CreateContactWithPho" time="9.04"/>
  <testcase classname="com.vtiger.Contact.CreateContactTest" name="CreateContact" time="0.0">
    <ignored/>
  </testcase> <!-- CreateContact -->
  <testcase classname="com.vtiger.Contact.CreateContactTest" name="CreateContactWithOrg" time="0.0">
    <ignored/>
  </testcase> <!-- CreateContactWithOrg -->
</testsuite> <!-- Default test -->
