<?xml version="1.0" encoding="UTF-8"?>
<!-- Generated by org.testng.reporters.JUnitXMLReporter -->
<testsuite ignored="0" hostname="LAPTOP-1NBFCQEH" failures="0" tests="6" name="TestRunner-Edge" time="94.559" errors="0" timestamp="2025-01-23T16:23:13 IST">
  <testcase classname="com.vtiger.Organization.CreateOrganizationTest" name="createOrg" time="21.444"/>
  <testcase classname="com.vtiger.Organization.CreateOrganizationTest" name="createOrgWithIndustries" time="0.0">
    <skipped/>
  </testcase> <!-- createOrgWithIndustries -->
  <testcase classname="com.vtiger.Organization.CreateOrganizationTest" name="createOrgWithPhone" time="0.0">
    <skipped/>
  </testcase> <!-- createOrgWithPhone -->
  <testcase classname="com.vtiger.Contact.CreateContactTest" name="CreateContact" time="9.194"/>
  <testcase classname="com.vtiger.Contact.CreateContactTest" name="CreateContactWithOrg" time="0.0">
    <skipped/>
  </testcase> <!-- CreateContactWithOrg -->
  <testcase classname="com.vtiger.Contact.CreateContactTest" name="CreateContactWithPho" time="0.0">
    <skipped/>
  </testcase> <!-- CreateContactWithPho -->
</testsuite> <!-- TestRunner-Edge -->
