<?xml version="1.0" encoding="UTF-8"?>
<!-- Generated by org.testng.reporters.JUnitXMLReporter -->
<testsuite ignored="0" hostname="LAPTOP-1NBFCQEH" failures="0" tests="6" name="TestRunner-FireFox" time="94.656" errors="0" timestamp="2025-01-23T15:29:56 IST">
  <testcase classname="com.vtiger.Organization.CreateOrganizationTest" name="createOrg" time="23.151"/>
  <testcase classname="com.vtiger.Organization.CreateOrganizationTest" name="createOrgWithIndustries" time="0.0">
    <skipped/>
  </testcase> <!-- createOrgWithIndustries -->
  <testcase classname="com.vtiger.Organization.CreateOrganizationTest" name="createOrgWithPhone" time="0.0">
    <skipped/>
  </testcase> <!-- createOrgWithPhone -->
  <testcase classname="com.vtiger.Contact.CreateContactTest" name="CreateContact" time="10.572"/>
  <testcase classname="com.vtiger.Contact.CreateContactTest" name="CreateContactWithOrg" time="0.0">
    <skipped/>
  </testcase> <!-- CreateContactWithOrg -->
  <testcase classname="com.vtiger.Contact.CreateContactTest" name="CreateContactWithPho" time="0.0">
    <skipped/>
  </testcase> <!-- CreateContactWithPho -->
</testsuite> <!-- TestRunner-FireFox -->
