<?xml version="1.0" encoding="UTF-8"?>
<!-- Generated by org.testng.reporters.JUnitXMLReporter -->
<testsuite ignored="4" hostname="LAPTOP-1NBFCQEH" failures="0" tests="2" name="Test" time="92.063" errors="0" timestamp="2025-03-20T13:04:45 IST">
  <testcase classname="com.vtiger.Organization.CreateOrganizationTest" name="createOrg" time="56.249"/>
  <testcase classname="com.vtiger.Contact.CreateContactTest" name="CreateContact" time="19.405"/>
  <testcase classname="com.vtiger.Contact.CreateContactTest" name="CreateContactWithPho" time="0.0">
    <ignored/>
  </testcase> <!-- CreateContactWithPho -->
  <testcase classname="com.vtiger.Contact.CreateContactTest" name="CreateContactWithOrg" time="0.0">
    <ignored/>
  </testcase> <!-- CreateContactWithOrg -->
  <testcase classname="com.vtiger.Organization.CreateOrganizationTest" name="createOrgWithPhone" time="0.0">
    <ignored/>
  </testcase> <!-- createOrgWithPhone -->
  <testcase classname="com.vtiger.Organization.CreateOrganizationTest" name="createOrgWithIndustries" time="0.0">
    <ignored/>
  </testcase> <!-- createOrgWithIndustries -->
</testsuite> <!-- Test -->
